{"/Users/ata/Code/js/launch_school/courses/js130/jest_testing/car.js": {"path":"/Users/ata/Code/js/launch_school/courses/js130/jest_testing/car.js","statementMap":{"0":{"start":{"line":4,"column":4},"end":{"line":4,"column":20}},"1":{"start":{"line":8,"column":0},"end":{"line":8,"column":21}}},"fnMap":{"0":{"name":"(anonymous_0)","decl":{"start":{"line":3,"column":2},"end":{"line":3,"column":3}},"loc":{"start":{"line":3,"column":16},"end":{"line":5,"column":3}},"line":3}},"branchMap":{},"s":{"0":1,"1":1},"f":{"0":1},"b":{},"_coverageSchema":"1a1c01bbd47fc00a2c39e90264f33305004495a9","hash":"c4173d304799cd4930a7703bda69fac0d4b88cd4"}
}
